<?xml version="1.0" encoding="UTF-8"?>
<!-- Generated by org.testng.reporters.JUnitReportReporter -->
<testsuite skipped="0" hostname="DESKTOP-FR9OOGA" name="test.addCatAndValidate" tests="1" failures="0" timestamp="2023-02-08T07:56:12 CST" time="19.105" errors="0">
  <testcase name="validateDropTest" time="19.105" classname="test.addCatAndValidate"/>
  <system-out/>
</testsuite> <!-- test.addCatAndValidate -->
