<?xml version="1.0" encoding="UTF-8"?>
<!-- Generated by org.testng.reporters.JUnitReportReporter -->
<testsuite skipped="0" hostname="DESKTOP-FR9OOGA" name="test.duplicateTest" tests="1" failures="0" timestamp="2023-02-10T13:42:00 CST" time="19.248" errors="0">
  <testcase name="duplicateTests" time="19.248" classname="test.duplicateTest"/>
  <system-out/>
</testsuite> <!-- test.duplicateTest -->
