<?xml version="1.0" encoding="UTF-8"?>
<!-- Generated by org.testng.reporters.JUnitReportReporter -->
<testsuite skipped="0" hostname="DESKTOP-FR9OOGA" name="test.monthsTest" tests="1" failures="0" timestamp="2023-02-13T16:26:22 CST" time="18.977" errors="0">
  <testcase name="validateDropTest" time="18.977" classname="test.monthsTest"/>
  <system-out/>
</testsuite> <!-- test.monthsTest -->
